<?xml version="1.0" encoding="UTF-8"?>
<!-- Generated by org.testng.reporters.JUnitReportReporter -->
<testsuite hostname="DESKTOP-L3R15EB" failures="0" tests="13" name="Day1.REST_Assured" time="6.856" errors="0" timestamp="2024-02-02T17:27:42 IST" skipped="12">
  <testcase classname="Day1.REST_Assured" name="DELAYED_RESPONSE" time="6.856"/>
  <system-out/>
  <testcase classname="Day1.REST_Assured" name="SingleUser">
    <skipped/>
  </testcase> <!-- SingleUser -->
  <system-out/>
  <testcase classname="Day1.REST_Assured" name="CREATE">
    <skipped/>
  </testcase> <!-- CREATE -->
  <system-out/>
  <testcase classname="Day1.REST_Assured" name="SINGLE_RESOURCE">
    <skipped/>
  </testcase> <!-- SINGLE_RESOURCE -->
  <system-out/>
  <testcase classname="Day1.REST_Assured" name="SINGLE_RESOURCE_NOT_FOUND">
    <skipped/>
  </testcase> <!-- SINGLE_RESOURCE_NOT_FOUND -->
  <system-out/>
  <testcase classname="Day1.REST_Assured" name="REGISTER_SUCCESSFUL">
    <skipped/>
  </testcase> <!-- REGISTER_SUCCESSFUL -->
  <system-out/>
  <testcase classname="Day1.REST_Assured" name="ListUsers">
    <skipped/>
  </testcase> <!-- ListUsers -->
  <system-out/>
  <testcase classname="Day1.REST_Assured" name="LOGIN_UNSUCCESSFUL">
    <skipped/>
  </testcase> <!-- LOGIN_UNSUCCESSFUL -->
  <system-out/>
  <testcase classname="Day1.REST_Assured" name="Delete">
    <skipped/>
  </testcase> <!-- Delete -->
  <system-out/>
  <testcase classname="Day1.REST_Assured" name="setup">
    <skipped/>
  </testcase> <!-- setup -->
  <system-out/>
  <testcase classname="Day1.REST_Assured" name="LIST_RESOURCE">
    <skipped/>
  </testcase> <!-- LIST_RESOURCE -->
  <system-out/>
  <testcase classname="Day1.REST_Assured" name="REGISTER_UNSUCCESSFUL">
    <skipped/>
  </testcase> <!-- REGISTER_UNSUCCESSFUL -->
  <system-out/>
  <testcase classname="Day1.REST_Assured" name="SINGLE_USER_NOT_FOUND">
    <skipped/>
  </testcase> <!-- SINGLE_USER_NOT_FOUND -->
  <system-out/>
</testsuite> <!-- Day1.REST_Assured -->
