<?xml version="1.0" encoding="UTF-8"?>
<!-- Generated by org.testng.reporters.JUnitReportReporter -->
<testsuite hostname="DESKTOP-L3R15EB" failures="0" tests="1" name="Day2.Trello_board" time="6.782" errors="0" timestamp="2024-02-05T18:11:47 IST" skipped="0">
  <testcase classname="Day2.Trello_board" name="Create_Board" time="6.782"/>
  <system-out/>
</testsuite> <!-- Day2.Trello_board -->
